<?xml version="1.0" encoding="UTF-8"?>
<testng-results skipped="0" failed="1" total="3" passed="2">
  <reporter-output>
  </reporter-output>
  <suite name="com.mulesoft.performance.test.policy.clientidenforcement.ClientIdEnforcementOnRegularTest" duration-ms="1305816" started-at="2017-02-08T17:46:30Z" finished-at="2017-02-08T18:08:16Z">
    <groups>
      <group name="smoke_prod">
        <method signature="ClientIdEnforcementOnRegularTest.clientIdEnforcementAsBasicAuth()[pri:0, instance:com.mulesoft.performance.test.policy.clientidenforcement.ClientIdEnforcementOnRegularTest@22101c80]" name="clientIdEnforcementAsBasicAuth" class="com.mulesoft.performance.test.policy.clientidenforcement.ClientIdEnforcementOnRegularTest"/>
        <method signature="ClientIdEnforcementOnRegularTest.clientIdEnforcementPolicyOnRegularEndpointUsingGet()[pri:0, instance:com.mulesoft.performance.test.policy.clientidenforcement.ClientIdEnforcementOnRegularTest@22101c80]" name="clientIdEnforcementPolicyOnRegularEndpointUsingGet" class="com.mulesoft.performance.test.policy.clientidenforcement.ClientIdEnforcementOnRegularTest"/>
        <method signature="ClientIdEnforcementOnRegularTest.clientIdEnforcementWithLotsOfContracts()[pri:0, instance:com.mulesoft.performance.test.policy.clientidenforcement.ClientIdEnforcementOnRegularTest@22101c80]" name="clientIdEnforcementWithLotsOfContracts" class="com.mulesoft.performance.test.policy.clientidenforcement.ClientIdEnforcementOnRegularTest"/>
      </group> <!-- smoke_prod -->
      <group name="smoke_stg">
        <method signature="ClientIdEnforcementOnRegularTest.clientIdEnforcementAsBasicAuth()[pri:0, instance:com.mulesoft.performance.test.policy.clientidenforcement.ClientIdEnforcementOnRegularTest@22101c80]" name="clientIdEnforcementAsBasicAuth" class="com.mulesoft.performance.test.policy.clientidenforcement.ClientIdEnforcementOnRegularTest"/>
        <method signature="ClientIdEnforcementOnRegularTest.clientIdEnforcementPolicyOnRegularEndpointUsingGet()[pri:0, instance:com.mulesoft.performance.test.policy.clientidenforcement.ClientIdEnforcementOnRegularTest@22101c80]" name="clientIdEnforcementPolicyOnRegularEndpointUsingGet" class="com.mulesoft.performance.test.policy.clientidenforcement.ClientIdEnforcementOnRegularTest"/>
        <method signature="ClientIdEnforcementOnRegularTest.clientIdEnforcementWithLotsOfContracts()[pri:0, instance:com.mulesoft.performance.test.policy.clientidenforcement.ClientIdEnforcementOnRegularTest@22101c80]" name="clientIdEnforcementWithLotsOfContracts" class="com.mulesoft.performance.test.policy.clientidenforcement.ClientIdEnforcementOnRegularTest"/>
      </group> <!-- smoke_stg -->
      <group name="smoke_qa">
        <method signature="ClientIdEnforcementOnRegularTest.clientIdEnforcementAsBasicAuth()[pri:0, instance:com.mulesoft.performance.test.policy.clientidenforcement.ClientIdEnforcementOnRegularTest@22101c80]" name="clientIdEnforcementAsBasicAuth" class="com.mulesoft.performance.test.policy.clientidenforcement.ClientIdEnforcementOnRegularTest"/>
        <method signature="ClientIdEnforcementOnRegularTest.clientIdEnforcementPolicyOnRegularEndpointUsingGet()[pri:0, instance:com.mulesoft.performance.test.policy.clientidenforcement.ClientIdEnforcementOnRegularTest@22101c80]" name="clientIdEnforcementPolicyOnRegularEndpointUsingGet" class="com.mulesoft.performance.test.policy.clientidenforcement.ClientIdEnforcementOnRegularTest"/>
        <method signature="ClientIdEnforcementOnRegularTest.clientIdEnforcementWithLotsOfContracts()[pri:0, instance:com.mulesoft.performance.test.policy.clientidenforcement.ClientIdEnforcementOnRegularTest@22101c80]" name="clientIdEnforcementWithLotsOfContracts" class="com.mulesoft.performance.test.policy.clientidenforcement.ClientIdEnforcementOnRegularTest"/>
      </group> <!-- smoke_qa -->
    </groups>
    <test name="Command line test" duration-ms="1305816" started-at="2017-02-08T17:46:30Z" finished-at="2017-02-08T18:08:16Z">
      <class name="com.mulesoft.performance.test.policy.clientidenforcement.ClientIdEnforcementOnRegularTest">
        <test-method status="PASS" signature="setup()[pri:0, instance:com.mulesoft.performance.test.policy.clientidenforcement.ClientIdEnforcementOnRegularTest@22101c80]" name="setup" is-config="true" duration-ms="259358" started-at="2017-02-08T17:46:30Z" finished-at="2017-02-08T17:50:49Z">
        </test-method> <!-- setup -->
        <test-method status="FAIL" signature="clientIdEnforcementAsBasicAuth()[pri:0, instance:com.mulesoft.performance.test.policy.clientidenforcement.ClientIdEnforcementOnRegularTest@22101c80]" name="clientIdEnforcementAsBasicAuth" duration-ms="149584" started-at="2017-02-08T17:50:49Z" description="Check Client ID enforcement policy passing client ID and Secret as Basic Auth credentials" finished-at="2017-02-08T17:53:19Z">
          <exception class="java.lang.AssertionError">
            <message>
              <![CDATA[http://54.83.54.127:8887/api endpoint does not meet expected condition (expected HTTP code: 200).]]>
            </message>
            <full-stacktrace>
              <![CDATA[java.lang.AssertionError: http://54.83.54.127:8887/api endpoint does not meet expected condition (expected HTTP code: 200).
	at org.testng.Assert.fail(Assert.java:89)
	at com.mulesoft.performance.test.policy.clientidenforcement.ClientIdEnforcementBase.waitUntilSuccessByBasicAuth(ClientIdEnforcementBase.java:101)
	at com.mulesoft.performance.test.policy.clientidenforcement.ClientIdEnforcementOnRegularTest.clientIdEnforcementAsBasicAuth(ClientIdEnforcementOnRegularTest.java:92)
	at sun.reflect.NativeMethodAccessorImpl.invoke0(Native Method)
	at sun.reflect.NativeMethodAccessorImpl.invoke(NativeMethodAccessorImpl.java:62)
	at sun.reflect.DelegatingMethodAccessorImpl.invoke(DelegatingMethodAccessorImpl.java:43)
	at java.lang.reflect.Method.invoke(Method.java:498)
	at org.testng.internal.MethodInvocationHelper.invokeMethod(MethodInvocationHelper.java:80)
	at org.testng.internal.Invoker.invokeMethod(Invoker.java:702)
	at org.testng.internal.Invoker.invokeTestMethod(Invoker.java:894)
	at org.testng.internal.Invoker.invokeTestMethods(Invoker.java:1219)
	at org.testng.internal.TestMethodWorker.invokeTestMethods(TestMethodWorker.java:127)
	at org.testng.internal.TestMethodWorker.run(TestMethodWorker.java:111)
	at org.testng.TestRunner.privateRun(TestRunner.java:768)
	at org.testng.TestRunner.run(TestRunner.java:617)
	at org.testng.SuiteRunner.runTest(SuiteRunner.java:334)
	at org.testng.SuiteRunner.runSequentially(SuiteRunner.java:329)
	at org.testng.SuiteRunner.privateRun(SuiteRunner.java:291)
	at org.testng.SuiteRunner.run(SuiteRunner.java:240)
	at org.testng.SuiteRunnerWorker.runSuite(SuiteRunnerWorker.java:53)
	at org.testng.SuiteRunnerWorker.run(SuiteRunnerWorker.java:87)
	at org.testng.TestNG.runSuitesSequentially(TestNG.java:1188)
	at org.testng.TestNG.runSuitesLocally(TestNG.java:1113)
	at org.testng.TestNG.run(TestNG.java:1025)
	at org.apache.maven.surefire.testng.TestNGExecutor.run(TestNGExecutor.java:77)
	at org.apache.maven.surefire.testng.TestNGDirectoryTestSuite.execute(TestNGDirectoryTestSuite.java:110)
	at org.apache.maven.surefire.testng.TestNGProvider.invoke(TestNGProvider.java:106)
	at sun.reflect.NativeMethodAccessorImpl.invoke0(Native Method)
	at sun.reflect.NativeMethodAccessorImpl.invoke(NativeMethodAccessorImpl.java:62)
	at sun.reflect.DelegatingMethodAccessorImpl.invoke(DelegatingMethodAccessorImpl.java:43)
	at java.lang.reflect.Method.invoke(Method.java:498)
	at org.apache.maven.surefire.util.ReflectionUtils.invokeMethodWithArray(ReflectionUtils.java:189)
	at org.apache.maven.surefire.booter.ProviderFactory$ProviderProxy.invoke(ProviderFactory.java:165)
	at org.apache.maven.surefire.booter.ProviderFactory.invokeProvider(ProviderFactory.java:85)
	at org.apache.maven.surefire.booter.ForkedBooter.runSuitesInProcess(ForkedBooter.java:115)
	at org.apache.maven.surefire.booter.ForkedBooter.main(ForkedBooter.java:75)
]]>
            </full-stacktrace>
          </exception> <!-- java.lang.AssertionError -->
        </test-method> <!-- clientIdEnforcementAsBasicAuth -->
        <test-method status="PASS" signature="tearDownTest()[pri:0, instance:com.mulesoft.performance.test.policy.clientidenforcement.ClientIdEnforcementOnRegularTest@22101c80]" name="tearDownTest" is-config="true" duration-ms="56573" started-at="2017-02-08T17:53:19Z" finished-at="2017-02-08T17:54:15Z">
        </test-method> <!-- tearDownTest -->
        <test-method status="PASS" signature="clientIdEnforcementPolicyOnRegularEndpointUsingGet()[pri:0, instance:com.mulesoft.performance.test.policy.clientidenforcement.ClientIdEnforcementOnRegularTest@22101c80]" name="clientIdEnforcementPolicyOnRegularEndpointUsingGet" duration-ms="104866" started-at="2017-02-08T17:54:15Z" description="Check Client ID enforcement with client ID and client secret provided as query params, on HTTP endpoint" finished-at="2017-02-08T17:56:00Z">
        </test-method> <!-- clientIdEnforcementPolicyOnRegularEndpointUsingGet -->
        <test-method status="PASS" signature="tearDownTest()[pri:0, instance:com.mulesoft.performance.test.policy.clientidenforcement.ClientIdEnforcementOnRegularTest@22101c80]" name="tearDownTest" is-config="true" duration-ms="15106" started-at="2017-02-08T17:56:00Z" finished-at="2017-02-08T17:56:15Z">
        </test-method> <!-- tearDownTest -->
        <test-method status="PASS" signature="clientIdEnforcementWithLotsOfContracts()[pri:0, instance:com.mulesoft.performance.test.policy.clientidenforcement.ClientIdEnforcementOnRegularTest@22101c80]" name="clientIdEnforcementWithLotsOfContracts" duration-ms="705057" started-at="2017-02-08T17:56:15Z" description="Check Client ID enforcement policy passing client ID and Secret as Basic Auth credentials to more than 100 client apps" finished-at="2017-02-08T18:08:01Z">
        </test-method> <!-- clientIdEnforcementWithLotsOfContracts -->
        <test-method status="PASS" signature="tearDownTest()[pri:0, instance:com.mulesoft.performance.test.policy.clientidenforcement.ClientIdEnforcementOnRegularTest@22101c80]" name="tearDownTest" is-config="true" duration-ms="15248" started-at="2017-02-08T18:08:01Z" finished-at="2017-02-08T18:08:16Z">
        </test-method> <!-- tearDownTest -->
        <test-method status="PASS" signature="tearDownTestSuite()[pri:0, instance:com.mulesoft.performance.test.policy.clientidenforcement.ClientIdEnforcementOnRegularTest@22101c80]" name="tearDownTestSuite" is-config="true" duration-ms="0" started-at="2017-02-08T18:08:16Z" finished-at="2017-02-08T18:08:16Z">
        </test-method> <!-- tearDownTestSuite -->
      </class> <!-- com.mulesoft.performance.test.policy.clientidenforcement.ClientIdEnforcementOnRegularTest -->
    </test> <!-- Command line test -->
  </suite> <!-- com.mulesoft.performance.test.policy.clientidenforcement.ClientIdEnforcementOnRegularTest -->
</testng-results>
