<?xml version="1.0" encoding="UTF-8"?>
<testng-results skipped="0" failed="0" total="1" passed="1">
  <reporter-output>
  </reporter-output>
  <suite name="com.mulesoft.performance.test.policy.clientidenforcement.ClientIdEnforcementOnRegularTest" duration-ms="87865" started-at="2017-02-09T17:47:13Z" finished-at="2017-02-09T17:48:41Z">
    <groups>
    </groups>
    <test name="Command line test" duration-ms="87865" started-at="2017-02-09T17:47:13Z" finished-at="2017-02-09T17:48:41Z">
      <class name="com.mulesoft.performance.test.policy.clientidenforcement.ClientIdEnforcementOnRegularTest">
        <test-method status="PASS" signature="setup()[pri:0, instance:com.mulesoft.performance.test.policy.clientidenforcement.ClientIdEnforcementOnRegularTest@5ba745bc]" name="setup" is-config="true" duration-ms="16860" started-at="2017-02-09T17:47:13Z" finished-at="2017-02-09T17:47:30Z">
        </test-method> <!-- setup -->
        <test-method status="PASS" signature="clientIdEnforcementPolicyOnRegularEndpointUsingGet()[pri:0, instance:com.mulesoft.performance.test.policy.clientidenforcement.ClientIdEnforcementOnRegularTest@5ba745bc]" name="clientIdEnforcementPolicyOnRegularEndpointUsingGet" duration-ms="62352" started-at="2017-02-09T17:47:30Z" description="Check Client ID enforcement with client ID and client secret provided as query params, on HTTP endpoint" finished-at="2017-02-09T17:48:33Z">
        </test-method> <!-- clientIdEnforcementPolicyOnRegularEndpointUsingGet -->
        <test-method status="PASS" signature="tearDownTest()[pri:0, instance:com.mulesoft.performance.test.policy.clientidenforcement.ClientIdEnforcementOnRegularTest@5ba745bc]" name="tearDownTest" is-config="true" duration-ms="8642" started-at="2017-02-09T17:48:33Z" finished-at="2017-02-09T17:48:41Z">
        </test-method> <!-- tearDownTest -->
        <test-method status="PASS" signature="tearDownTestSuite()[pri:0, instance:com.mulesoft.performance.test.policy.clientidenforcement.ClientIdEnforcementOnRegularTest@5ba745bc]" name="tearDownTestSuite" is-config="true" duration-ms="1" started-at="2017-02-09T17:48:41Z" finished-at="2017-02-09T17:48:41Z">
        </test-method> <!-- tearDownTestSuite -->
      </class> <!-- com.mulesoft.performance.test.policy.clientidenforcement.ClientIdEnforcementOnRegularTest -->
    </test> <!-- Command line test -->
  </suite> <!-- com.mulesoft.performance.test.policy.clientidenforcement.ClientIdEnforcementOnRegularTest -->
</testng-results>
