<?xml version="1.0" encoding="UTF-8"?>
<!-- Generated by org.testng.reporters.JUnitXMLReporter -->
<testsuite hostname="BA-ASIROTA-OSX.local" name="Command line test" tests="3" failures="1" timestamp="8 Feb 2017 21:08:16 GMT" time="1305.816" errors="0">
  <testcase name="clientIdEnforcementAsBasicAuth" time="149.584" classname="com.mulesoft.performance.test.policy.clientidenforcement.ClientIdEnforcementOnRegularTest">
    <failure type="java.lang.AssertionError" message="http://54.83.54.127:8887/api endpoint does not meet expected condition (expected HTTP code: 200).">
      <![CDATA[java.lang.AssertionError: http://54.83.54.127:8887/api endpoint does not meet expected condition (expected HTTP code: 200).
	at com.mulesoft.performance.test.policy.clientidenforcement.ClientIdEnforcementBase.waitUntilSuccessByBasicAuth(ClientIdEnforcementBase.java:101)
	at com.mulesoft.performance.test.policy.clientidenforcement.ClientIdEnforcementOnRegularTest.clientIdEnforcementAsBasicAuth(ClientIdEnforcementOnRegularTest.java:92)
	at org.apache.maven.surefire.testng.TestNGExecutor.run(TestNGExecutor.java:77)
	at org.apache.maven.surefire.testng.TestNGDirectoryTestSuite.execute(TestNGDirectoryTestSuite.java:110)
	at org.apache.maven.surefire.testng.TestNGProvider.invoke(TestNGProvider.java:106)
	at org.apache.maven.surefire.util.ReflectionUtils.invokeMethodWithArray(ReflectionUtils.java:189)
	at org.apache.maven.surefire.booter.ProviderFactory$ProviderProxy.invoke(ProviderFactory.java:165)
	at org.apache.maven.surefire.booter.ProviderFactory.invokeProvider(ProviderFactory.java:85)
	at org.apache.maven.surefire.booter.ForkedBooter.runSuitesInProcess(ForkedBooter.java:115)
	at org.apache.maven.surefire.booter.ForkedBooter.main(ForkedBooter.java:75)
... Removed 26 stack frames]]>
    </failure>
  </testcase> <!-- clientIdEnforcementAsBasicAuth -->
  <testcase name="clientIdEnforcementPolicyOnRegularEndpointUsingGet" time="104.866" classname="com.mulesoft.performance.test.policy.clientidenforcement.ClientIdEnforcementOnRegularTest"/>
  <testcase name="clientIdEnforcementWithLotsOfContracts" time="705.057" classname="com.mulesoft.performance.test.policy.clientidenforcement.ClientIdEnforcementOnRegularTest"/>
</testsuite> <!-- Command line test -->
